[    0.000000] Initializing cgroup subsys cpuset
[    0.000000] Initializing cgroup subsys cpu
[    0.000000] Initializing cgroup subsys cpuacct
[    0.000000] Linux version 4.4.0-78-generic (buildd@lgw01-11) (gcc version 5.4.0 20160609 (Ubuntu 5.4.0-6ubuntu1~16.04.4) ) #99-Ubuntu SMP Thu Apr 27 15:29:09 UTC 2017 (Ubuntu 4.4.0-78.99-generic 4.4.62)
[    0.000000] Command line: BOOT_IMAGE=/boot/vmlinuz-4.4.0-78-generic root=LABEL=cloudimg-rootfs ro console=tty1 console=ttyS0
[    0.000000] KERNEL supported cpus:
[    0.000000]   Intel GenuineIntel
[    0.000000]   AMD AuthenticAMD
[    0.000000]   Centaur CentaurHauls
[    0.000000] x86/fpu: xstate_offset[2]:  576, xstate_sizes[2]:  256
[    0.000000] x86/fpu: Supporting XSAVE feature 0x01: 'x87 floating point registers'
[    0.000000] x86/fpu: Supporting XSAVE feature 0x02: 'SSE registers'
[    0.000000] x86/fpu: Supporting XSAVE feature 0x04: 'AVX registers'
[    0.000000] x86/fpu: Enabled xstate features 0x7, context size is 832 bytes, using 'standard' format.
[    0.000000] x86/fpu: Using 'lazy' FPU context switches.
[    0.000000] e820: BIOS-provided physical RAM map:
[    0.000000] BIOS-e820: [mem 0x0000000000000000-0x000000000009fbff] usable
[    0.000000] BIOS-e820: [mem 0x000000000009fc00-0x000000000009ffff] reserved
[    0.000000] BIOS-e820: [mem 0x00000000000f0000-0x00000000000fffff] reserved
[    0.000000] BIOS-e820: [mem 0x0000000000100000-0x000000001ffeffff] usable
[    0.000000] BIOS-e820: [mem 0x000000001fff0000-0x000000001fffffff] ACPI data
[    0.000000] BIOS-e820: [mem 0x00000000fec00000-0x00000000fec00fff] reserved
[    0.000000] BIOS-e820: [mem 0x00000000fee00000-0x00000000fee00fff] reserved
[    0.000000] BIOS-e820: [mem 0x00000000fffc0000-0x00000000ffffffff] reserved
[    0.000000] NX (Execute Disable) protection: active
[    0.000000] SMBIOS 2.5 present.
[    0.000000] Hypervisor detected: KVM
[    0.000000] e820: last_pfn = 0x1fff0 max_arch_pfn = 0x400000000
[    0.000000] MTRR: Disabled
[    0.000000] x86/PAT: MTRRs disabled, skipping PAT initialization too.
[    0.000000] x86/PAT: Configuration [0-7]: WB  WT  UC- UC  WB  WT  UC- UC  
[    0.000000] CPU MTRRs all blank - virtualized system.
[    0.000000] found SMP MP-table at [mem 0x0009fff0-0x0009ffff] mapped at [ffff88000009fff0]
[    0.000000] Scanning 1 areas for low memory corruption
[    0.000000] RAMDISK: [mem 0x1ed01000-0x1f797fff]
[    0.000000] ACPI: Early table checksum verification disabled
[    0.000000] ACPI: RSDP 0x00000000000E0000 000024 (v02 VBOX  )
[    0.000000] ACPI: XSDT 0x000000001FFF0030 00003C (v01 VBOX   VBOXXSDT 00000001 ASL  00000061)
[    0.000000] ACPI: FACP 0x000000001FFF00F0 0000F4 (v04 VBOX   VBOXFACP 00000001 ASL  00000061)
[    0.000000] ACPI: DSDT 0x000000001FFF0470 0021C8 (v02 VBOX   VBOXBIOS 00000002 INTL 20100528)
[    0.000000] ACPI: FACS 0x000000001FFF0200 000040
[    0.000000] ACPI: FACS 0x000000001FFF0200 000040
[    0.000000] ACPI: APIC 0x000000001FFF0240 000054 (v02 VBOX   VBOXAPIC 00000001 ASL  00000061)
[    0.000000] ACPI: SSDT 0x000000001FFF02A0 0001CC (v01 VBOX   VBOXCPUT 00000002 INTL 20100528)
[    0.000000] No NUMA configuration found
[    0.000000] Faking a node at [mem 0x0000000000000000-0x000000001ffeffff]
[    0.000000] NODE_DATA(0) allocated [mem 0x1ffeb000-0x1ffeffff]
[    0.000000] kvm-clock: Using msrs 4b564d01 and 4b564d00
[    0.000000] kvm-clock: cpu 0, msr 0:1ffe3001, primary cpu clock
[    0.000000] kvm-clock: using sched offset of 3379531093 cycles
[    0.000000] clocksource: kvm-clock: mask: 0xffffffffffffffff max_cycles: 0x1cd42e4dffb, max_idle_ns: 881590591483 ns
[    0.000000] Zone ranges:
[    0.000000]   DMA      [mem 0x0000000000001000-0x0000000000ffffff]
[    0.000000]   DMA32    [mem 0x0000000001000000-0x000000001ffeffff]
[    0.000000]   Normal   empty
[    0.000000]   Device   empty
[    0.000000] Movable zone start for each node
[    0.000000] Early memory node ranges
[    0.000000]   node   0: [mem 0x0000000000001000-0x000000000009efff]
[    0.000000]   node   0: [mem 0x0000000000100000-0x000000001ffeffff]
[    0.000000] Initmem setup node 0 [mem 0x0000000000001000-0x000000001ffeffff]
[    0.000000] ACPI: PM-Timer IO Port: 0x4008
[    0.000000] IOAPIC[0]: apic_id 1, version 32, address 0xfec00000, GSI 0-23
[    0.000000] ACPI: INT_SRC_OVR (bus 0 bus_irq 0 global_irq 2 dfl dfl)
[    0.000000] ACPI: INT_SRC_OVR (bus 0 bus_irq 9 global_irq 9 high level)
[    0.000000] Using ACPI (MADT) for SMP configuration information
[    0.000000] smpboot: Allowing 1 CPUs, 0 hotplug CPUs
[    0.000000] PM: Registered nosave memory: [mem 0x00000000-0x00000fff]
[    0.000000] PM: Registered nosave memory: [mem 0x0009f000-0x0009ffff]
[    0.000000] PM: Registered nosave memory: [mem 0x000a0000-0x000effff]
[    0.000000] PM: Registered nosave memory: [mem 0x000f0000-0x000fffff]
[    0.000000] e820: [mem 0x20000000-0xfebfffff] available for PCI devices
[    0.000000] Booting paravirtualized kernel on KVM
[    0.000000] clocksource: refined-jiffies: mask: 0xffffffff max_cycles: 0xffffffff, max_idle_ns: 7645519600211568 ns
[    0.000000] setup_percpu: NR_CPUS:512 nr_cpumask_bits:512 nr_cpu_ids:1 nr_node_ids:1
[    0.000000] PERCPU: Embedded 33 pages/cpu @ffff88001fc00000 s98264 r8192 d28712 u2097152
[    0.000000] PV qspinlock hash table entries: 256 (order: 0, 4096 bytes)
[    0.000000] Built 1 zonelists in Node order, mobility grouping on.  Total pages: 128889
[    0.000000] Policy zone: DMA32
[    0.000000] Kernel command line: BOOT_IMAGE=/boot/vmlinuz-4.4.0-78-generic root=LABEL=cloudimg-rootfs ro console=tty1 console=ttyS0
[    0.000000] PID hash table entries: 2048 (order: 2, 16384 bytes)
[    0.000000] Memory: 485788K/523832K available (8469K kernel code, 1294K rwdata, 3984K rodata, 1484K init, 1316K bss, 38044K reserved, 0K cma-reserved)
[    0.000000] SLUB: HWalign=64, Order=0-3, MinObjects=0, CPUs=1, Nodes=1
[    0.000000] Hierarchical RCU implementation.
[    0.000000] 	Build-time adjustment of leaf fanout to 64.
[    0.000000] 	RCU restricting CPUs from NR_CPUS=512 to nr_cpu_ids=1.
[    0.000000] RCU: Adjusting geometry for rcu_fanout_leaf=64, nr_cpu_ids=1
[    0.000000] NR_IRQS:33024 nr_irqs:256 16
[    0.000000] Console: colour VGA+ 80x25
[    0.000000] console [tty1] enabled
[    0.000000] console [ttyS0] enabled
[    0.000000] tsc: Detected 2494.234 MHz processor
[    2.568636] Calibrating delay loop (skipped) preset value.. 4988.46 BogoMIPS (lpj=9976936)
[    2.569906] pid_max: default: 32768 minimum: 301
[    2.570616] ACPI: Core revision 20150930
[    2.582006] ACPI: 2 ACPI AML tables successfully acquired and loaded
[    2.594795] Security Framework initialized
[    2.595439] Yama: becoming mindful.
[    2.607514] AppArmor: AppArmor initialized
[    2.647757] Dentry cache hash table entries: 65536 (order: 7, 524288 bytes)
[    2.803259] Inode-cache hash table entries: 32768 (order: 6, 262144 bytes)
[    2.936262] Mount-cache hash table entries: 1024 (order: 1, 8192 bytes)
[    2.963323] Mountpoint-cache hash table entries: 1024 (order: 1, 8192 bytes)
[    2.970810] Initializing cgroup subsys io
[    2.971721] Initializing cgroup subsys memory
[    3.014011] Initializing cgroup subsys devices
[    3.020066] Initializing cgroup subsys freezer
[    3.024924] Initializing cgroup subsys net_cls
[    3.059662] Initializing cgroup subsys perf_event
[    3.062321] Initializing cgroup subsys net_prio
[    3.090515] Initializing cgroup subsys hugetlb
[    3.102264] Initializing cgroup subsys pids
[    3.102982] CPU: Physical Processor ID: 0
[    3.104440] mce: CPU supports 0 MCE banks
[    3.106150] process: using mwait in idle threads
[    3.106828] Last level iTLB entries: 4KB 1024, 2MB 1024, 4MB 1024
[    3.107700] Last level dTLB entries: 4KB 1024, 2MB 1024, 4MB 1024, 1GB 4
[    3.122601] Freeing SMP alternatives memory: 32K (ffffffff820b8000 - ffffffff820c0000)
[    3.164719] ftrace: allocating 32120 entries in 126 pages
[    3.218622] smpboot: APIC(0) Converting physical 0 to logical package 0
[    3.359252] smpboot: Max logical packages: 1
[    3.439964] x2apic enabled
[    3.495233] Switched APIC routing to physical x2apic.
[    3.554561] ..TIMER: vector=0x30 apic1=0 pin1=2 apic2=-1 pin2=-1
[    3.743335] smpboot: CPU0: Intel(R) Core(TM) i7-4710HQ CPU @ 2.50GHz (family: 0x6, model: 0x3c, stepping: 0x3)
[    3.908711] Performance Events: unsupported p6 CPU model 60 no PMU driver, software events only.
[    3.952857] KVM setup paravirtual spinlock
[    3.965318] x86: Booted up 1 node, 1 CPUs
[    3.965960] smpboot: Total of 1 processors activated (4988.46 BogoMIPS)
[    3.969020] devtmpfs: initialized
[    3.970682] evm: security.selinux
[    3.971224] evm: security.SMACK64
[    3.971776] evm: security.SMACK64EXEC
[    3.972354] evm: security.SMACK64TRANSMUTE
[    4.056442] evm: security.SMACK64MMAP
[    4.076077] evm: security.ima
[    4.136835] evm: security.capability
[    4.202949] clocksource: jiffies: mask: 0xffffffff max_cycles: 0xffffffff, max_idle_ns: 7645041785100000 ns
[    4.343789] futex hash table entries: 256 (order: 2, 16384 bytes)
[    4.473426] pinctrl core: initialized pinctrl subsystem
[    4.568879] RTC time:  0:18:43, date: 06/02/17
[    4.569649] NET: Registered protocol family 16
[    4.570442] cpuidle: using governor ladder
[    4.571098] cpuidle: using governor menu
[    4.574609] PCCT header not found.
[    4.575202] ACPI: bus type PCI registered
[    4.575857] acpiphp: ACPI Hot Plug PCI Controller Driver version: 0.5
[    4.588602] PCI: Using configuration type 1 for base access
[    4.590282] ACPI: Added _OSI(Module Device)
[    4.674603] ACPI: Added _OSI(Processor Device)
[    4.750731] ACPI: Added _OSI(3.0 _SCP Extensions)
[    4.783527] ACPI: Added _OSI(Processor Aggregator Device)
[    4.791073] ACPI: Executed 1 blocks of module-level executable AML code
[    4.809107] ACPI: Interpreter enabled
[    4.836460] ACPI: (supports S0 S5)
[    4.837021] ACPI: Using IOAPIC for interrupt routing
[    4.837921] PCI: Using host bridge windows from ACPI; if necessary, use "pci=nocrs" and report a bug
[    4.841784] ACPI: PCI Root Bridge [PCI0] (domain 0000 [bus 00-ff])
[    4.903478] acpi PNP0A03:00: _OSC: OS supports [ASPM ClockPM Segments MSI]
[    4.907337] acpi PNP0A03:00: _OSC failed (AE_NOT_FOUND); disabling ASPM
[    4.908227] acpi PNP0A03:00: fail to add MMCONFIG information, can't access extended PCI configuration space under this bridge.
[    4.929206] PCI host bridge to bus 0000:00
[    4.929832] pci_bus 0000:00: root bus resource [io  0x0000-0x0cf7 window]
[    4.999242] pci_bus 0000:00: root bus resource [io  0x0d00-0xffff window]
[    5.107960] pci_bus 0000:00: root bus resource [mem 0x000a0000-0x000bffff window]
[    5.158271] pci_bus 0000:00: root bus resource [mem 0x20000000-0xffdfffff window]
[    5.189702] pci_bus 0000:00: root bus resource [bus 00-ff]
[    5.290101] pci 0000:00:01.1: legacy IDE quirk: reg 0x10: [io  0x01f0-0x01f7]
[    5.442568] pci 0000:00:01.1: legacy IDE quirk: reg 0x14: [io  0x03f6]
[    5.600715] pci 0000:00:01.1: legacy IDE quirk: reg 0x18: [io  0x0170-0x0177]
[    5.744842] pci 0000:00:01.1: legacy IDE quirk: reg 0x1c: [io  0x0376]
[    5.873542] pci 0000:00:07.0: quirk: [io  0x4000-0x403f] claimed by PIIX4 ACPI
[    5.902627] pci 0000:00:07.0: quirk: [io  0x4100-0x410f] claimed by PIIX4 SMB
[    5.907982] ACPI: PCI Interrupt Link [LNKA] (IRQs 5 9 10 *11)
[    5.910635] ACPI: PCI Interrupt Link [LNKB] (IRQs 5 9 10 *11)
[    6.022017] ACPI: PCI Interrupt Link [LNKC] (IRQs 5 9 *10 11)
[    6.120602] ACPI: PCI Interrupt Link [LNKD] (IRQs 5 *9 10 11)
[    6.151828] ACPI: Enabled 2 GPEs in block 00 to 07
[    6.188273] vgaarb: setting as boot device: PCI:0000:00:02.0
[    6.204327] vgaarb: device added: PCI:0000:00:02.0,decodes=io+mem,owns=io+mem,locks=none
[    6.216664] vgaarb: loaded
[    6.231516] vgaarb: bridge control possible 0000:00:02.0
[    6.240609] SCSI subsystem initialized
[    6.241247] ACPI: bus type USB registered
[    6.258078] usbcore: registered new interface driver usbfs
[    6.265021] usbcore: registered new interface driver hub
[    6.267802] usbcore: registered new device driver usb
[    6.268631] PCI: Using ACPI for IRQ routing
[    6.269510] NetLabel: Initializing
[    6.270077] NetLabel:  domain hash size = 128
[    6.279192] NetLabel:  protocols = UNLABELED CIPSOv4
[    6.282872] NetLabel:  unlabeled traffic allowed by default
[    6.283741] amd_nb: Cannot enumerate AMD northbridges
[    6.284468] clocksource: Switched to clocksource kvm-clock
[    6.292815] AppArmor: AppArmor Filesystem Enabled
[    6.307804] pnp: PnP ACPI init
[    6.334191] pnp: PnP ACPI: found 3 devices
[    6.408585] clocksource: acpi_pm: mask: 0xffffff max_cycles: 0xffffff, max_idle_ns: 2085701024 ns
[    6.413237] NET: Registered protocol family 2
[    6.420399] TCP established hash table entries: 4096 (order: 3, 32768 bytes)
[    6.427215] TCP bind hash table entries: 4096 (order: 4, 65536 bytes)
[    6.466378] TCP: Hash tables configured (established 4096 bind 4096)
[    6.467348] UDP hash table entries: 256 (order: 1, 8192 bytes)
[    6.507479] UDP-Lite hash table entries: 256 (order: 1, 8192 bytes)
[    6.574155] NET: Registered protocol family 1
[    6.646225] pci 0000:00:00.0: Limiting direct PCI/PCI transfers
[    6.655461] pci 0000:00:01.0: Activating ISA DMA hang workarounds
[    6.656402] Unpacking initramfs...
[    8.319780] Freeing initrd memory: 10844K (ffff88001ed01000 - ffff88001f798000)
[    8.328360] RAPL PMU detected, API unit is 2^-32 Joules, 4 fixed counters 10737418240 ms ovfl timer
[    8.505968] hw unit of domain pp0-core 2^-0 Joules
[    8.595767] hw unit of domain package 2^-0 Joules
[    8.604318] hw unit of domain dram 2^-0 Joules
[    8.605305] hw unit of domain pp1-gpu 2^-0 Joules
[    8.606378] platform rtc_cmos: registered platform RTC device (no PNP device found)
[    8.616927] Scanning for low memory corruption every 60 seconds
[    8.624728] audit: initializing netlink subsys (disabled)
[    8.625508] audit: type=2000 audit(1496362727.089:1): initialized
[    8.630173] Initialise system trusted keyring
[    8.652368] HugeTLB registered 2 MB page size, pre-allocated 0 pages
[    8.780295] zbud: loaded
[    8.807790] VFS: Disk quotas dquot_6.6.0
[    8.892545] VFS: Dquot-cache hash table entries: 512 (order 0, 4096 bytes)
[    8.991522] squashfs: version 4.0 (2009/01/31) Phillip Lougher
[    9.018085] fuse init (API version 7.23)
[    9.018778] Key type big_key registered
[    9.019398] Allocating IMA MOK and blacklist keyrings.
[    9.020258] Key type asymmetric registered
[    9.062726] Asymmetric key parser 'x509' registered
[    9.063490] Block layer SCSI generic (bsg) driver version 0.4 loaded (major 249)
[    9.153578] io scheduler noop registered
[    9.154411] io scheduler deadline registered (default)
[    9.155179] io scheduler cfq registered
[    9.155856] pci_hotplug: PCI Hot Plug PCI Core version: 0.5
[    9.164056] pciehp: PCI Express Hot Plug Controller Driver version: 0.4
[    9.173109] ACPI: AC Adapter [AC] (on-line)
[    9.173793] input: Power Button as /devices/LNXSYSTM:00/LNXPWRBN:00/input/input0
[    9.216478] ACPI: Power Button [PWRF]
[    9.217138] input: Sleep Button as /devices/LNXSYSTM:00/LNXSLPBN:00/input/input1
[    9.256277] ACPI: Sleep Button [SLPF]
[    9.267345] ACPI: Battery Slot [BAT0] (battery present)
[    9.268092] GHES: HEST is not enabled!
[    9.268785] Serial: 8250/16550 driver, 32 ports, IRQ sharing enabled
[    9.322278] 00:02: ttyS0 at I/O 0x3f8 (irq = 4, base_baud = 115200) is a 16550A
[    9.362393] Linux agpgart interface v0.103
[    9.446018] loop: module loaded
[    9.460511] scsi host0: ata_piix
[    9.461131] scsi host1: ata_piix
[    9.461693] ata1: PATA max UDMA/33 cmd 0x1f0 ctl 0x3f6 bmdma 0xd000 irq 14
[    9.493780] ata2: PATA max UDMA/33 cmd 0x170 ctl 0x376 bmdma 0xd008 irq 15
[    9.552300] libphy: Fixed MDIO Bus: probed
[    9.553011] tun: Universal TUN/TAP device driver, 1.6
[    9.553884] tun: (C) 1999-2004 Max Krasnyansky <maxk@qualcomm.com>
[    9.554756] PPP generic driver version 2.4.2
[    9.601300] ehci_hcd: USB 2.0 'Enhanced' Host Controller (EHCI) Driver
[    9.707618] tsc: Refined TSC clocksource calibration: 2494.330 MHz
[    9.805411] clocksource: tsc: mask: 0xffffffffffffffff max_cycles: 0x23f44dae1ab, max_idle_ns: 440795269790 ns
[    9.846860] ehci-pci: EHCI PCI platform driver
[    9.899768] ehci-platform: EHCI generic platform driver
[    9.900520] ohci_hcd: USB 1.1 'Open' Host Controller (OHCI) Driver
[    9.906901] ohci-pci: OHCI PCI platform driver
[    9.907581] ohci-platform: OHCI generic platform driver
[    9.908324] uhci_hcd: USB Universal Host Controller Interface driver
[    9.916585] i8042: PNP: PS/2 Controller [PNP0303:PS2K,PNP0f03:PS2M] at 0x60,0x64 irq 1,12
[    9.920260] serio: i8042 KBD port at 0x60,0x64 irq 1
[    9.920994] serio: i8042 AUX port at 0x60,0x64 irq 12
[    9.921746] mousedev: PS/2 mouse device common for all mice
[    9.934504] rtc_cmos rtc_cmos: rtc core: registered rtc_cmos as rtc0
[    9.935397] rtc_cmos rtc_cmos: alarms up to one day, 114 bytes nvram
[    9.936251] i2c /dev entries driver
[    9.936915] device-mapper: uevent: version 1.0.3
[    9.937637] device-mapper: ioctl: 4.34.0-ioctl (2015-10-28) initialised: dm-devel@redhat.com
[    9.945782] ledtrig-cpu: registered to indicate activity on CPUs
[    9.949700] NET: Registered protocol family 10
[   10.058640] input: AT Translated Set 2 keyboard as /devices/platform/i8042/serio0/input/input2
[   10.230629] NET: Registered protocol family 17
[   10.311756] Key type dns_resolver registered
[   10.379943] microcode: CPU0 sig=0x306c3, pf=0x40, revision=0x0
[   10.405149] microcode: Microcode Update Driver: v2.01 <tigran@aivazian.fsnet.co.uk>, Peter Oruba
[   10.406520] registered taskstats version 1
[   10.407182] Loading compiled-in X.509 certificates
[   10.428022] Loaded X.509 cert 'Build time autogenerated kernel key: 779fd75203f0d36b99b83c7328fac831ec7adf9e'
[   10.451910] zswap: loaded using pool lzo/zbud
[   10.485147] Key type trusted registered
[   10.489477] Key type encrypted registered
[   10.492663] AppArmor: AppArmor sha1 policy hashing enabled
[   10.493508] ima: No TPM chip found, activating TPM-bypass!
[   10.494310] evm: HMAC attrs: 0x1
[   10.495068]   Magic number: 5:416:303
[   10.495654]   hash matches /build/linux-0XAgc4/linux-4.4.0/drivers/base/power/main.c:611
[   10.566651] tty tty32: hash matches
[   10.633381] rtc_cmos rtc_cmos: setting system clock to 2017-06-02 00:18:50 UTC (1496362730)
[   10.801608] BIOS EDD facility v0.16 2004-Jun-25, 0 devices found
[   10.821221] EDD information not available.
[   10.824865] Freeing unused kernel memory: 1484K (ffffffff81f45000 - ffffffff820b8000)
[   10.851911] Write protecting the kernel read-only data: 14336k
[   10.853028] Freeing unused kernel memory: 1760K (ffff880001848000 - ffff880001a00000)
[   10.863456] Freeing unused kernel memory: 112K (ffff880001de4000 - ffff880001e00000)
Loading, please [   10.873395] random: udevadm: uninitialized urandom read (16 bytes read, 2 bits of entropy available)
wait...
startin[   11.002635] random: systemd-udevd: uninitialized urandom read (16 bytes read, 3 bits of entropy available)
g version 229
[   11.005616] random: systemd-udevd: uninitialized urandom read (16 bytes read, 3 bits of entropy available)
[   11.006991] random: systemd-udevd: uninitialized urandom read (16 bytes read, 3 bits of entropy available)
[   11.008355] random: systemd-udevd: uninitialized urandom read (16 bytes read, 3 bits of entropy available)
[   11.010438] random: udevadm: uninitialized urandom read (16 bytes read, 3 bits of entropy available)
[   11.013278] random: udevadm: uninitialized urandom read (16 bytes read, 3 bits of entropy available)
[   11.068005] random: udevadm: uninitialized urandom read (16 bytes read, 3 bits of entropy available)
[   11.069370] random: udevadm: uninitialized urandom read (16 bytes read, 3 bits of entropy available)
[   11.070704] random: udevadm: uninitialized urandom read (16 bytes read, 3 bits of entropy available)
[   11.108541] e1000: Intel(R) PRO/1000 Network Driver - version 7.3.21-k8-NAPI
[   11.138402] e1000: Copyright (c) 1999-2006 Intel Corporation.
[   11.153744] Fusion MPT base driver 3.04.20
[   11.163736] Copyright (c) 1999-2008 LSI Corporation
[   11.190398] AVX version of gcm_enc/dec engaged.
[   11.234088] AES CTR mode by8 optimization enabled
[   11.243856] Fusion MPT SPI Host driver 3.04.20
[   11.257024] mptbase: ioc0: Initiating bringup
[   11.369707] input: ImExPS/2 Generic Explorer Mouse as /devices/platform/i8042/serio1/input/input5
[   11.508686] ioc0: LSI53C1030 A0: Capabilities={Initiator}
[   11.777545] scsi host2: ioc0: LSI53C1030 A0, FwRev=00000000h, Ports=1, MaxQ=256, IRQ=20
[   11.961871] scsi 2:0:0:0: Direct-Access     VBOX     HARDDISK         1.0  PQ: 0 ANSI: 5
[   12.010532] scsi target2:0:0: Beginning Domain Validation
[   12.185432] scsi target2:0:0: Domain Validation skipping write tests
[   12.296044] scsi target2:0:0: Ending Domain Validation
[   12.618403] scsi target2:0:0: asynchronous
[   12.716652] scsi 2:0:1:0: Direct-Access     VBOX     HARDDISK         1.0  PQ: 0 ANSI: 5
[   12.779148] scsi target2:0:1: Beginning Domain Validation
[   12.801867] e1000 0000:00:03.0 eth0: (PCI:33MHz:32-bit) 02:07:98:91:28:34
[   12.802792] e1000 0000:00:03.0 eth0: Intel(R) PRO/1000 Network Connection
[   12.805180] scsi target2:0:1: Domain Validation skipping write tests
[   12.903154] scsi target2:0:1: Ending Domain Validation
[   12.988505] scsi target2:0:1: asynchronous
[   13.191337] sd 2:0:0:0: Attached scsi generic sg0 type 0
[   13.296239] sd 2:0:0:0: [sda] 20971520 512-byte logical blocks: (10.7 GB/10.0 GiB)
[   13.347021] sd 2:0:0:0: [sda] Write Protect is off
[   13.406141] sd 2:0:0:0: [sda] Incomplete mode parameter data
[   13.464208] sd 2:0:0:0: [sda] Assuming drive cache: write through
[   13.606365] sd 2:0:1:0: Attached scsi generic sg1 type 0
[   13.730218] sd 2:0:1:0: [sdb] 20480 512-byte logical blocks: (10.5 MB/10.0 MiB)
[   13.901929] sd 2:0:1:0: [sdb] Write Protect is off
[   13.983353] sd 2:0:1:0: [sdb] Incomplete mode parameter data
[   14.077842] sd 2:0:1:0: [sdb] Assuming drive cache: write through
[   14.223944] e1000 0000:00:08.0 eth1: (PCI:33MHz:32-bit) 08:00:27:ee:47:22
[   14.384061] e1000 0000:00:08.0 eth1: Intel(R) PRO/1000 Network Connection
[   14.495457]  sda: sda1
[   14.496064] floppy0: no floppy controllers found
[   14.497210] sd 2:0:0:0: [sda] Attached SCSI disk
[   14.584679] e1000 0000:00:08.0 enp0s8: renamed from eth1
[   14.635109] sd 2:0:1:0: [sdb] Attached SCSI disk
[   14.695462] e1000 0000:00:03.0 enp0s3: renamed from eth0
Begin: Loading e[   16.183745] md: linear personality registered for level -1
ssential drivers[   16.264400] md: multipath personality registered for level -4
 ... [   16.394692] md: raid0 personality registered for level 0
[   16.474882] md: raid1 personality registered for level 1
[   16.648538] raid6: sse2x1   gen()  9956 MB/s
[   16.780971] raid6: sse2x1   xor()  7291 MB/s
[   16.888524] raid6: sse2x2   gen() 12743 MB/s
[   16.972702] raid6: sse2x2   xor()  8592 MB/s
[   17.136696] raid6: sse2x4   gen() 14339 MB/s
[   17.220660] raid6: sse2x4   xor()  9947 MB/s
[   17.299553] raid6: using algorithm sse2x4 gen() 14339 MB/s
[   17.376501] raid6: .... xor() 9947 MB/s, rmw enabled
[   17.469245] raid6: using ssse3x2 recovery algorithm
[   17.505839] xor: automatically using best checksumming function:
[   17.664566]    avx       : 19967.000 MB/sec
[   17.730157] async_tx: api initialized (async)
[   17.823216] md: raid6 personality registered for level 6
[   17.922683] md: raid5 personality registered for level 5
[   17.993867] md: raid4 personality registered for level 4
[   18.100959] md: raid10 personality registered for level 10
done.
Begin: Running[   18.223610] Btrfs loaded
 /scripts/init-premount ... done.
Begin: Mounting root file system ... Begin: Running /scripts/local-top ... done.
Begin: Running /scripts/local-premount ... Scanning for Btrfs filesystems
done.
Warning: fsck not present, so skipping root file system
[   18.404111] EXT4-fs (sda1): mounted filesystem with ordered data mode. Opts: (null)
done.
Begin: Running /scripts/local-bottom ... done.
Begin: Running /scripts/init-bottom ... done.
[   19.077497] random: nonblocking pool is initialized
[   19.582859] systemd[1]: systemd 229 running in system mode. (+PAM +AUDIT +SELINUX +IMA +APPARMOR +SMACK +SYSVINIT +UTMP +LIBCRYPTSETUP +GCRYPT +GNUTLS +ACL +XZ -LZ4 +SECCOMP +BLKID +ELFUTILS +KMOD -IDN)
[   19.817127] systemd[1]: Detected virtualization oracle.
[   19.904824] systemd[1]: Detected architecture x86-64.

Welcome to [1mUbuntu 16.04.2 LTS[0m!

[   20.058367] systemd[1]: Set hostname to <ubuntu>.
[   20.161077] systemd[1]: Initializing machine ID from random generator.
[   20.278703] systemd[1]: Installed transient /etc/machine-id file.
[   21.689660] systemd[1]: Reached target Encrypted Volumes.
[[0;32m  OK  [0m] Reached target Encrypted Volumes.
[   21.780463] systemd[1]: Created slice User and Session Slice.
[[0;32m  OK  [0m] Created slice User and Session Slice.
[   21.782354] systemd[1]: Listening on udev Kernel Socket.
[[0;32m  OK  [0m] Listening on udev Kernel Socket.
[   21.785258] systemd[1]: Listening on LVM2 poll daemon socket.
[[0;32m  OK  [0m] Listening on LVM2 poll daemon socket.
[   21.788074] systemd[1]: Listening on Journal Audit Socket.
[[0;32m  OK  [0m] Listening on Journal Audit Socket.
[   21.789867] systemd[1]: Listening on Device-mapper event daemon FIFOs.
[[0;32m  OK  [0m] Listening on Device-mapper event daemon FIFOs.
[   21.877100] systemd[1]: Listening on Journal Socket.
[[0;32m  OK  [0m] Listening on Journal Socket.
[   21.912179] systemd[1]: Listening on Syslog Socket.
[[0;32m  OK  [0m] Listening on Syslog Socket.
[   21.964985] systemd[1]: Listening on udev Control Socket.
[[0;32m  OK  [0m] Listening on udev Control Socket.
[   22.031841] systemd[1]: Reached target Swap.
[[0;32m  OK  [0m] Reached target Swap.
[   22.072869] systemd[1]: Listening on LVM2 metadata daemon socket.
[[0;32m  OK  [0m] Listening on LVM2 metadata daemon socket.
[   22.103425] systemd[1]: Listening on /dev/initctl Compatibility Named Pipe.
[[0;32m  OK  [0m] Listening on /dev/initctl Compatibility Named Pipe.
[   22.105492] systemd[1]: Started Forward Password Requests to Wall Directory Watch.
[[0;32m  OK  [0m] Started Forward Password Requests to Wall Directory Watch.
[   22.337091] systemd[1]: Set up automount Arbitrary Executable File Formats File System Automount Point.
[[0;32m  OK  [0m] Set up automount Arbitrary Executab...ats File System Automount Point.
[   22.498366] systemd[1]: Created slice System Slice.
[[0;32m  OK  [0m] Created slice System Slice.
[   22.505228] systemd[1]: Starting Remount Root and Kernel File Systems...
         Starting Remount Root and Kernel File Systems...
[   22.543849] EXT4-fs (sda1): re-mounted. Opts: (null)
[   22.630265] systemd[1]: Created slice system-serial\x2dgetty.slice.
[[0;32m  OK  [0m] Created slice system-serial\x2dgetty.slice.
[   22.785517] systemd[1]: Starting Create list of required static device nodes for the current kernel...
         Starting Create list of required st... nodes for the current kernel...
[   22.963861] systemd[1]: Starting Set console keymap...
         Starting Set console keymap...
[   23.043330] systemd[1]: Starting Load Kernel Modules...
         Starting Load Kernel Modules...
[   23.101140] systemd[1]: Mounting Huge Pages File System...
         Mounting Huge Pages File System...
[   23.108459] systemd[1]: Starting Monitoring of LVM2 mirrors, snapshots etc. using dmeventd or progress polling...
         Starting Monitoring of LVM2 mirrors... dmeventd or progress polling...
[   23.169236] systemd[1]: Mounting Debug File System...
         Mounting Debug File System...
[   23.277296] systemd[1]: Starting Uncomplicated firewall...
         Starting Uncomplicated firewall...
[   23.397785] systemd[1]: Mounting POSIX Message Queue File System...
         Mounting POSIX Message Queue File System...
[   23.573443] systemd[1]: Listening on Journal Socket (/dev/log).
[   23.705831] Loading iSCSI transport class v2.0-870.
[[0;32m  OK  [0m] Listening on Journal Socket (/dev/log).
[   23.845831] iscsi: registered transport (tcp)
[   23.873228] systemd[1]: Starting Journal Service...
         Starting Journal Service...
[   23.885075] systemd[1]: Started Trigger resolvconf update for networkd DNS.
[[0;32m  OK  [0m] Started Trigger resolvconf update for networkd DNS.
[   23.935144] systemd[1]: Reached target User and Group Name Lookups.
[[0;32m  OK  [0m] Reached target User and Group Name Lookups.
[   23.937465] systemd[1]: Starting Nameserver information manager...
         Starting Nameserver information manager...
[   23.993797] systemd[1]: Reached target Slices.
[[0;32m  OK  [0m] Reached target Slices.
[   24.006417] systemd[1]: Mounted POSIX Message Queue File System.
[[0;32m  OK  [0m] Mounted POSIX Message Queue File System.
[   24.020618] systemd[1]: Mounted Debug File System.
[[0;32m  OK  [0m] Mounted Debug File System.
[   24.056767] systemd[1]: Mounted Huge Pages File System.
[[0;32m  OK  [0m] Mounted Huge Pages File System.
[   24.134004] systemd[1]: Started Remount Root and Kernel File Systems.
[[0;32m  OK  [0m] Started Remount Root and Kernel File Systems.
[   24.221963] systemd[1]: Started Create list of required static device nodes for the current kernel.
[[0;32m  OK  [0m] Started Create list of required sta...ce nodes for the current kernel.
[   24.299314] systemd[1]: Started Set console keymap.
[[0;32m  OK  [0m] Started Set console keymap.
[   24.345213] systemd[1]: Started Uncomplicated firewall.
[[0;32m  OK  [0m] Started Uncomplicated firewall.
[   24.377135] systemd[1]: Started Journal Service.
[   24.454625] iscsi: registered transport (iser)
[[0;32m  OK  [0m] Started Journal Service.
[[0;32m  OK  [0m] Started Load Kernel Modules.
[[0;32m  OK  [0m] Started Nameserver information manager.
         Starting Apply Kernel Variables...
         Mounting FUSE Control File System...
[[0;32m  OK  [0m] Started LVM2 metadata daemon.
         Starting Create Static Device Nodes in /dev...
         Starting udev Coldplug all Devices...
         Starting Flush Journal to Persistent Storage...
         Starting Initial cloud-init job (pre-networking)...
         Starting Load/Save Random Seed...
[[0;32m  OK  [0m] Mounted FUSE Control File System.
[[0;32m  OK  [0m] Started Apply Kernel Variables.
[[0;32m  OK  [0m] Started udev Coldplug all Devices.
[[0;32m  OK  [0m] Started Flush Journal to Persistent Storage.
[[0;32m  OK  [0m] Started Load/Save Random Seed.
[[0;32m  OK  [0m] Started Monitoring of LVM2 mirrors,...ng dmeventd or progress polling.
[[0;32m  OK  [0m] Started Create Static Device Nodes in /dev.
         Starting udev Kernel Device Manager...
[[0;32m  OK  [0m] Started udev Kernel Device Manager.
[[0;32m  OK  [0m] Reached target Local File Systems (Pre).
[[0;32m  OK  [0m] Reached target Local File Systems.
         Starting Create Volatile Files and Directories...
         Starting Commit a transient machine-id on disk...
         Starting Set console font and keymap...
         Starting LSB: AppArmor initialization...
         Starting Tell Plymouth To Write Out Runtime Data...
[[0;32m  OK  [0m] Started Dispatch Password Requests to Console Directory Watch.
[[0;32m  OK  [0m] Started Create Volatile Files and Directories.
[[0;32m  OK  [0m] Started Commit a transient machine-id on disk.
[[0;32m  OK  [0m] Started Tell Plymouth To Write Out Runtime Data.
         Starting Update UTMP about System Boot/Shutdown...
[[0;32m  OK  [0m] Reached target System Time Synchronized.
[[0;32m  OK  [0m] Found device /dev/ttyS0.
[[0;32m  OK  [0m] Started Update UTMP about System Boot/Shutdown.
[[0;32m  OK  [0m] Started Set console font and keymap.
[[0;32m  OK  [0m] Created slice system-getty.slice.
[[0;32m  OK  [0m] Listening on Load/Save RF Kill Switch Status /dev/rfkill Watch.
[[0;32m  OK  [0m] Started LSB: AppArmor initialization.
[   26.658748] cloud-init[454]: Cloud-init v. 0.7.9 running 'init-local' at Fri, 02 Jun 2017 00:19:11 +0000. Up 25.92 seconds.
[[0;32m  OK  [0m] Started Initial cloud-init job (pre-networking).
[[0;32m  OK  [0m] Reached target Network (Pre).
         Starting Raise network interfaces...
[[0;32m  OK  [0m] Started Raise network interfaces.
[[0;32m  OK  [0m] Reached target Network.
         Starting Initial cloud-init job (metadata service crawler)...
[   29.434033] cloud-init[950]: Cloud-init v. 0.7.9 running 'init' at Fri, 02 Jun 2017 00:19:13 +0000. Up 27.48 seconds.
[   29.485938] cloud-init[950]: ci-info: +++++++++++++++++++++++++++++++++++++Net device info++++++++++++++++++++++++++++++++++++++
[[0;32m  OK  [0m] Started Initial cloud-init job (metadata service crawler).
[[0;32m  OK  [0m] Reached target System Initialization.
[   29.511383] cloud-init[950]: ci-info: +--------+-------+---------------------------+---------------+-------+-------------------+
[   29.601199] cloud-init[950]: ci-info: | Device |   Up  |          Address          |      Mask     | Scope |     Hw-Address    |
[[0;32m  OK  [0m] Listening on ACPID Listen Socket.
[[0;32m  OK  [0m] Listening on UUID daemon activation socket.
[   29.707290] cloud-init[950]: ci-info: +--------+-------+---------------------------+---------------+-------+-------------------+
[   29.859330] cloud-init[950]: ci-info: |   lo   |  True |         127.0.0.1         |   255.0.0.0   |   .   |         .         |[[0;32m  OK  [0m] Listening on D-Bus System Message Bus Socket.

[[0;32m  OK  [0m] Started ACPI Events Check.
[[0;32m  OK  [0m] Reached target Paths.
[   29.871485] cloud-init[950]: ci-info: |   lo   |  True |          ::1/128          |       .       |  host |         .         |
[   29.949013] cloud-init[950]: ci-info: | enp0s8 | False |             .             |       .       |   .   | 08:00:27:ee:47:22 |
[[0;32m  OK  [0m] Started Timer to automatically refresh installed snaps.
[   29.968140] cloud-init[950]: ci-info: | enp0s3 |  True |         10.0.2.15         | 255.255.255.0 |   .   | 02:07:98:91:28:34 |
[   30.022059] cloud-init[950]: ci-info: | enp0s3 |  True | fe80::7:98ff:fe91:2834/64 |       .       |  link | 02:07:98:91:28:34 |
[   30.038537] cloud-init[950]: ci-info: +--------+-------+---------------------------+---------------+-------+-------------------+
         Starting LXD - unix socket.
[[0;32m  OK  [0m] Started Daily Cleanup of Temporary Directories.
[   30.051464] cloud-init[950]: ci-info: +++++++++++++++++++++++++++Route IPv4 info++++++++++++++++++++++++++++
[   30.200260] cloud-init[950]: ci-info: +-------+-------------+----------+---------------+-----------+-------+
         Starting Socket activation for snappy daemon.
[   30.297910] cloud-init[950]: ci-info: | Route | Destination | Gateway  |    Genmask    | Interface | Flags |
[   30.305341] cloud-init[950]: ci-info: +-------+-------------+----------+---------------+-----------+-------+
[   30.306460] cloud-init[950]: ci-info: |   0   |   0.0.0.0   | 10.0.2.2 |    0.0.0.0    |   enp0s3  |   UG  |
[   30.306699] cloud-init[950]: ci-info: |   1   |   10.0.2.0  | 0.0.0.0  | 255.255.255.0 |   enp0s3  |   U   |
[   30.306745] cloud-init[950]: ci-info: +-------+-------------+----------+---------------+-----------+-------+
[   30.306835] cloud-init[950]: Generating public/private rsa key pair.
[   30.306883] cloud-init[950]: Your identification has been saved in /etc/ssh/ssh_host_rsa_key.
[   30.306911] cloud-init[950]: Your public key has been saved in /etc/ssh/ssh_host_rsa_key.pub.
[   30.306934] cloud-init[950]: The key fingerprint is:
[   30.306956] cloud-init[950]: SHA256:p339Favg5QEksTmFz3Uy/CV1e1FChN/ygxtlNJ94It4 root@ubuntu-xenial
[   30.306978] cloud-init[950]: The key's randomart image is:
[   30.307003] cloud-init[950]: +---[RSA 2048]----+
[   30.307025] cloud-init[950]: |         ....++o=|
[   30.307047] cloud-init[950]: |         .= .=.==|
[   30.307068] cloud-init[950]: |         =o...B+*|
[   30.307090] cloud-init[950]: |          ++ oo*+|
[   30.307111] cloud-init[950]: |        S o.o *+ |
[   30.307133] cloud-init[950]: |         + ..E .+|
[   30.307154] cloud-init[950]: |        . ...o+.o|
[   30.307178] cloud-init[950]: |          ..+.o..|
[   30.307199] cloud-init[950]: |           . o  .|
[   30.307221] cloud-init[950]: +----[SHA256]-----+
[   30.307244] cloud-init[950]: Generating public/private dsa key pair.
[   30.307267] cloud-init[950]: Your identification has been saved in /etc/ssh/ssh_host_dsa_key.
[   30.307289] cloud-init[950]: Your public key has been saved in /etc/ssh/ssh_host_dsa_key.pub.
[   30.307310] cloud-init[950]: The key fingerprint is:
[   30.307332] cloud-init[950]: SHA256:DrPweReIustwEtWp097d5Ss6frtC/AB5pvt2x7ym2cA root@ubuntu-xenial
[   30.307354] cloud-init[950]: The key's randomart image is:
[   30.307375] cloud-init[950]: +---[DSA 1024]----+
[   30.307397] cloud-init[950]: |                 |
[   30.307419] cloud-init[950]: |     . .         |
[   30.307441] cloud-init[950]: |    . o  .       |
[   30.307463] cloud-init[950]: |   . o .o.o      |
[   30.307513] cloud-init[950]: |  . + = S*.   .  |
[   30.307546] cloud-init[950]: |   . * B..++ o   |
[   30.307567] cloud-init[950]: |  o o = +oooEo.  |
[   30.307588] cloud-init[950]: |   = . ...+ =+=. |
[   30.307610] cloud-init[950]: |    +.   ++*=B+. |
[   30.307631] cloud-init[950]: +----[SHA256]-----+
[   30.307653] cloud-init[950]: Generating public/private ecdsa key pair.
[   30.307675] cloud-init[950]: Your identification has been saved in /etc/ssh/ssh_host_ecdsa_key.
[   30.307696] cloud-init[950]: Your public key has been saved in /etc/ssh/ssh_host_ecdsa_key.pub.
[   30.307721] cloud-init[950]: The key fingerprint is:
[   30.307743] cloud-init[950]: SHA256:Dg7dltJ6WmeoXtlWlOMV+EvuOtdOrlSeCp5NQFniO4E root@ubuntu-xenial
[   30.307764] cloud-init[950]: The key's randomart image is:
[   30.307785] cloud-init[950]: +---[ECDSA 256]---+
[   30.307806] cloud-init[950]: |           . o.  |
[   30.307829] cloud-init[950]: |          o =. . |
[   30.307850] cloud-init[950]: |         E =+..  |
[   30.307871] cloud-init[950]: |     . o ..oooo  |
[   30.307892] cloud-init[950]: |    . + S  +oo ..|
[   30.307913] cloud-init[950]: |     o * + .o oo.|
[   30.307935] cloud-init[950]: |      o B =. o.oo|
[   30.307958] cloud-init[950]: |       * +. *.+o.|
[   30.307980] cloud-init[950]: |     .+    o.*.oo|
[   30.308002] cloud-init[950]: +----[SHA256]-----+
[[0;32m  OK  [0m] Started Daily apt activities.
[[0;32m  OK  [0m] Reached target Timers.
[[0;32m  OK  [0m] Reached target Cloud-config availability.
[[0;32m  OK  [0m] Reached target Network is Online.
[   30.308087] cloud-init[950]: Generating public/private ed25519 key pair.
         Starting iSCSI initiator daemon (iscsid)...[   31.900100] cloud-init[950]: Your identification has been saved in /etc/ssh/ssh_host_ed25519_key.
[   31.900882] cloud-init[950]: Your public key has been saved in /etc/ssh/ssh_host_ed25519_key.pub.
[   31.900915] cloud-init[950]: The key fingerprint is:
[   31.900939] cloud-init[950]: SHA256:fBrPIh2fAtciTesuFWGY+zPRz6vi8E9Gs2LkYe6EeEw root@ubuntu-xenial
[   31.900962] cloud-init[950]: The key's randomart image is:
[   31.900984] cloud-init[950]: +--[ED25519 256]--+
[   31.901006] cloud-init[950]: |       o         |
[   31.901028] cloud-init[950]: |      o o        |
[   31.901055] cloud-init[950]: |       o.o       |
[   31.901078] cloud-init[950]: |      .+oo.      |
[   31.901101] cloud-init[950]: |      E.So=o     |
[   31.901123] cloud-init[950]: |     + %=% +o    |
[   31.901145] cloud-init[950]: |    . *.%oO  .   |
[   31.901166] cloud-init[950]: |     ..O.*  .    |
[   31.901349] cloud-init[950]: |       o=oo.     |
[   31.901378] cloud-init[950]: +----[SHA256]-----+

[[0;32m  OK  [0m] Listening on LXD - unix socket.
[[0;32m  OK  [0m] Listening on Socket activation for snappy daemon.
[[0;32m  OK  [0m] Reached target Sockets.
[[0;32m  OK  [0m] Reached target Basic System.
[[0;32m  OK  [0m] Started Regular background program processing daemon.
         Starting Apply the settings specified in cloud-config...
         Starting /etc/rc.local Compatibility...
[[0;32m  OK  [0m] Started ACPI event daemon.
         Starting Login Service...
[[0;32m  OK  [0m] Started D-Bus System Message Bus.
         Starting LSB: MD monitoring daemon...
[[0;32m  OK  [0m] Started Deferred execution scheduler.
[[0;32m  OK  [0m] Started Unattended Upgrades Shutdown.
         Starting Accounts Service...
         Starting System Logging Service...
         Starting Pollinate to seed the pseudo random number generator...
[[0;32m  OK  [0m] Started Snappy daemon.
         Starting Auto import assertions from block devices...
[[0;32m  OK  [0m] Started FUSE filesystem for LXC.
         Starting LSB: Record successful boot for GRUB...
         Starting LXD - container startup/shutdown...
[[0;32m  OK  [0m] Started iSCSI initiator daemon (iscsid).
[[0;32m  OK  [0m] Started /etc/rc.local Compatibility.
[   33.180923] cloud-init[1053]: Generating locales (this might take a while)...
[[0;32m  OK  [0m] Started Auto import assertions from block devices.
[[0;32m  OK  [0m] Started Login Service.
         Starting Login to default iSCSI targets...
[[0;32m  OK  [0m] Started System Logging Service.
[[0;32m  OK  [0m] Started LSB: MD monitoring daemon.
[[0;32m  OK  [0m] Started LSB: Record successful boot for GRUB.
[[0;32m  OK  [0m] Started Login to default iSCSI targets.
[[0;32m  OK  [0m] Reached target Remote File Systems (Pre).
[[0;32m  OK  [0m] Reached target Remote File Systems.
         Starting LSB: daemon to balance interrupts for SMP systems...
         Starting LSB: automatic crash report generation...
         Starting LSB: Set the CPU Frequency Scaling governor to "ondemand"...
         Starting Permit User Sessions...
         Starting LSB: VirtualBox Linux Additions...
[[0;32m  OK  [0m] Started LSB: Set the CPU Frequency Scaling governor to "ondemand".
[[0;32m  OK  [0m] Started Permit User Sessions.
         Starting Hold until boot process finishes up...
         Starting Terminate Plymouth Boot Screen...
[[0;32m  OK  [0m] Started Hold until boot process finishes up.
[[0;32m  OK  [0m] Started Terminate Plymouth Boot Screen.
         Starting Set console scheme...
[[0;32m  OK  [0m] Started Serial Getty on ttyS0.
[[0;32m  OK  [0m] Started Getty on tty1.
[[0;32m  OK  [0m] Reached target Login Prompts.
[[0;32m  OK  [0m] Started LSB: automatic crash report generation.
[[0;32m  OK  [0m] Started LSB: daemon to balance interrupts for SMP systems.
[[0;32m  OK  [0m] Started Set console scheme.
         Starting Authenticate and Authorize Users to Run Privileged Tasks...
[[0;32m  OK  [0m] Started LSB: VirtualBox Linux Additions.
[[0;32m  OK  [0m] Started Authenticate and Authorize Users to Run Privileged Tasks.
[[0;32m  OK  [0m] Started Accounts Service.
[   36.910515] cloud-init[1053]:   en_US.UTF-8... done
[   36.964884] cloud-init[1053]: Generation complete.
[[0;32m  OK  [0m] Started Pollinate to seed the pseudo random number generator.
         Starting OpenBSD Secure Shell server...
[[0;32m  OK  [0m] Started LXD - container startup/shutdown.
[[0;32m  OK  [0m] Started OpenBSD Secure Shell server.
[[0;32m  OK  [0m] Reached target Multi-User System.
[[0;32m  OK  [0m] Reached target Graphical Interface.
         Starting Update UTMP about System Runlevel Changes...
[[0;32m  OK  [0m] Started Update UTMP about System Runlevel Changes.
         Stopping OpenBSD Secure Shell server...
[[0;32m  OK  [0m] Stopped OpenBSD Secure Shell server.
         Starting OpenBSD Secure Shell server...
[[0;32m  OK  [0m] Started OpenBSD Secure Shell server.
[[0;32m  OK  [0m] Created slice User Slice of ubuntu.

Ubuntu 16.04.2 LTS ubuntu-xenial ttyS0

ubuntu-xenial login: [   42.002518] cloud-init[1053]: Cloud-init v. 0.7.9 running 'modules:config' at Fri, 02 Jun 2017 00:19:18 +0000. Up 32.76 seconds.
ci-info: +++++Authorized keys from /home/ubuntu/.ssh/authorized_keys for user ubuntu++++++
ci-info: +---------+-------------------------------------------------+---------+---------+
ci-info: | Keytype |                Fingerprint (md5)                | Options | Comment |
ci-info: +---------+-------------------------------------------------+---------+---------+
ci-info: | ssh-rsa | e3:8d:09:6a:77:c2:55:de:55:cb:45:d5:db:24:d2:72 |    -    | vagrant |
ci-info: +---------+-------------------------------------------------+---------+---------+
<14>Jun  2 00:19:28 ec2: 
<14>Jun  2 00:19:28 ec2: #############################################################
<14>Jun  2 00:19:28 ec2: -----BEGIN SSH HOST KEY FINGERPRINTS-----
<14>Jun  2 00:19:28 ec2: 1024 SHA256:DrPweReIustwEtWp097d5Ss6frtC/AB5pvt2x7ym2cA root@ubuntu-xenial (DSA)
<14>Jun  2 00:19:28 ec2: 256 SHA256:Dg7dltJ6WmeoXtlWlOMV+EvuOtdOrlSeCp5NQFniO4E root@ubuntu-xenial (ECDSA)
<14>Jun  2 00:19:28 ec2: 256 SHA256:fBrPIh2fAtciTesuFWGY+zPRz6vi8E9Gs2LkYe6EeEw root@ubuntu-xenial (ED25519)
<14>Jun  2 00:19:28 ec2: 2048 SHA256:p339Favg5QEksTmFz3Uy/CV1e1FChN/ygxtlNJ94It4 root@ubuntu-xenial (RSA)
<14>Jun  2 00:19:28 ec2: -----END SSH HOST KEY FINGERPRINTS-----
<14>Jun  2 00:19:28 ec2: #############################################################
-----BEGIN SSH HOST KEY KEYS-----
ecdsa-sha2-nistp256 AAAAE2VjZHNhLXNoYTItbmlzdHAyNTYAAAAIbmlzdHAyNTYAAABBBOqBjGH42Zdqipt8GmyaA0Q9YVfeHYVaYsEWgXTktQ87a/3inMu2E8ZY36nWPVJEvwandwfNXCFHlIqxw/jRssE= root@ubuntu-xenial
ssh-ed25519 AAAAC3NzaC1lZDI1NTE5AAAAIA/MQgDh/gY7mR4LQnGwefrzDadC3/jk+fyNUfZKyFIU root@ubuntu-xenial
ssh-rsa AAAAB3NzaC1yc2EAAAADAQABAAABAQC51CoP5oUefjY8NGeDkWHbU1pUa4ks6tpjMIFJmDm0ethAOm+MiuTrjYdZBFR3shwxCjGQZo0jB45GD2PHxhJ+blayfPQj8XwDlvpyZSzFX+RCdljufB+j9J98Q1moiVdpTm90knelOpSXD6KCNyUeeI5E8gsloZLZRHeHJGKauUNB7XKPjwsbvUDqMiRpnjVWu/Icq46TbnT0STzD1m8sO+Mk4DRT3GQla5ftYVXX2CLZbkmio65LDzndmJikCt37irIZJgf59Y2n/Cw9Okg00bSRhXi1O6CLpPUmMR3+iKwn8tOQ4j95rSeOujAiq3JKdEcP9x3tYG6k/3GtWJ11 root@ubuntu-xenial
-----END SSH HOST KEY KEYS-----
[   42.812815] cloud-init[1491]: Cloud-init v. 0.7.9 running 'modules:final' at Fri, 02 Jun 2017 00:19:28 +0000. Up 42.31 seconds.
[   42.812946] cloud-init[1491]: Cloud-init v. 0.7.9 finished at Fri, 02 Jun 2017 00:19:28 +0000. Datasource DataSourceNoCloud [seed=/dev/sdb][dsmode=net].  Up 42.80 seconds
